<?xml version="1.0" encoding="utf-8"?>
<shfbBuild product="Sandcastle Help File Builder" version="2015.1.12.0" projectFile="C:\Users\ppi02\Dropbox\Projects\Cimbalino.Toolkit\doc\doc.shfbproj" started="24/04/2015 13:19:49">
<buildStep step="Initializing">
Finding tools...
The Sandcastle tools are located in &#39;C:\Program Files (x86)\EWSoftware\Sandcastle Help File Builder\&#39;
Locating components in the following folder(s):
   C:\Users\ppi02\Dropbox\Projects\Cimbalino.Toolkit\doc
Using presentation style &#39;VS2013&#39; located in &#39;C:\Program Files (x86)\EWSoftware\Sandcastle Help File Builder\PresentationStyles\VS2013&#39;
Loading and initializing plug-ins...
Version Builder Version 2015.1.12.0
Copyright &#169; 2006-2015, Eric Woodruff, All Rights Reserved
Lightweight Website Style Version 2015.1.12.0
Copyright &#169; 2006-2015, Eric Woodruff, All Rights Reserved
Portions Copyright &#169; 2014, Sam Harwell, All Rights Reserved
</buildStep>
<buildStep step="ValidatingDocumentationSources">
Validating and copying documentation source information
Source: C:\Users\ppi02\Dropbox\Projects\Cimbalino.Toolkit\bin\binaries\Cimbalino.Toolkit.Core\portable-net45+wp8+win8+wpa81\Cimbalino.Toolkit.Core.dll
    Found assembly &#39;C:\Users\ppi02\Dropbox\Projects\Cimbalino.Toolkit\bin\binaries\Cimbalino.Toolkit.Core\portable-net45+wp8+win8+wpa81\Cimbalino.Toolkit.Core.dll&#39;
Source: C:\Users\ppi02\Dropbox\Projects\Cimbalino.Toolkit\bin\binaries\Cimbalino.Toolkit.Core\portable-net45+wp8+win8+wpa81\Cimbalino.Toolkit.Core.xml

Copying XML comments files
    C:\Users\ppi02\Dropbox\Projects\Cimbalino.Toolkit\bin\binaries\Cimbalino.Toolkit.Core\portable-net45+wp8+win8+wpa81\Cimbalino.Toolkit.Core.xml -&gt; C:\Users\ppi02\Dropbox\Projects\Cimbalino.Toolkit\bin\doc\Working\Cimbalino.Toolkit.Core.xml
</buildStep>
<buildStep step="GenerateSharedContent">
Generating shared content files (en-US, English (United States))...
<plugIn name="Version Builder" behavior="After" priority="1000">
Removing standard version information items from shared content file
Adding version information items from plug-in settings
</plugIn><plugIn name="Lightweight Website Style" behavior="After" priority="1000">
</plugIn>    Last step completed in 00:00:00,0310
</buildStep>
<buildStep step="GenerateApiFilter">
Generating API filter for MRefBuilder...
    Last step completed in 00:00:00,0130
</buildStep>
<buildStep step="GenerateReflectionInfo">
Generating reflection information...
[C:\Program Files (x86)\MSBuild\12.0\bin\MSBuild.exe]
Build started 24/04/2015 13:19:49.
Project &quot;C:\Users\ppi02\Dropbox\Projects\Cimbalino.Toolkit\bin\doc\Working\GenerateRefInfo.proj&quot; on node 1 (default targets).
PrepareForBuild:
  Creating directory &quot;obj\Debug\&quot;.
GenerateRefInfo:
  MRefBuilder (v2015.1.12.0)
  Copyright &#169; 2006-2015, Microsoft Corporation, All Rights Reserved.
  Portions Copyright &#169; 2006-2014, Eric Woodruff, All Rights Reserved.
  Loaded 1 assemblies for reflection and 0 dependency assemblies.
  Wrote information on 5 namespaces, 96 types, and 584 members
  Copying file from &quot;reflection.org&quot; to &quot;reflection.all&quot;.
  XslTransform (v2015.1.12.0)
  Copyright &#169; 2006-2015, Microsoft Corporation, All Rights Reserved.
  Portions Copyright &#169; 2006-2014, Eric Woodruff, All Rights Reserved.
  Applying XSL transformation &#39;C:\Program Files (x86)\EWSoftware\Sandcastle Help File Builder\ProductionTransforms\MergeDuplicates.xsl&#39;.
  Applying XSL transformation &#39;C:\Program Files (x86)\EWSoftware\Sandcastle Help File Builder\ProductionTransforms\AddXamlSyntaxData.xsl&#39;.
Done Building Project &quot;C:\Users\ppi02\Dropbox\Projects\Cimbalino.Toolkit\bin\doc\Working\GenerateRefInfo.proj&quot; (default targets).

Build succeeded.

Time Elapsed 00:00:00.56
    Last step completed in 00:00:00,6844
</buildStep>
<buildStep step="TransformReflectionInfo">
Transforming reflection output...
<plugIn name="Version Builder" behavior="Before" priority="1000">

Performing partial builds on prior version projects

Building C:\Users\ppi02\Dropbox\Projects\Cimbalino.Toolkit\doc\c2a923f4-9929-4461-85a4-c5116e3be024.shfbproj
Initializing
ValidatingDocumentationSources
GenerateSharedContent
GenerateApiFilter
GenerateReflectionInfo
Completed

Building C:\Users\ppi02\Dropbox\Projects\Cimbalino.Toolkit\doc\57a72211-e35c-4aa9-832b-d4a973148099.shfbproj
Initializing
ValidatingDocumentationSources
GenerateSharedContent
GenerateApiFilter
GenerateReflectionInfo
Completed

Building C:\Users\ppi02\Dropbox\Projects\Cimbalino.Toolkit\doc\9aad4920-1b87-462d-8fe3-b84ebe06fafb.shfbproj
Initializing
ValidatingDocumentationSources
GenerateSharedContent
GenerateApiFilter
GenerateReflectionInfo
Completed
Creating Version Builder configuration file
Adding Version Builder parameters to TransformManifest.proj
</plugIn>[C:\Program Files (x86)\MSBuild\12.0\bin\MSBuild.exe]
Build started 24/04/2015 13:19:54.
Project &quot;C:\Users\ppi02\Dropbox\Projects\Cimbalino.Toolkit\bin\doc\Working\TransformManifest.proj&quot; on node 1 (default targets).
TransformManifest:
  VersionBuilder (v2015.1.12.0)
  Copyright &#169; 2006-2015, Microsoft Corporation, All Rights Reserved.
  Portions Copyright &#169; 2006-2014, Eric Woodruff, All Rights Reserved.
  Indexing version &#39;SHFB_VBPI_33DB7980&#39; using file &#39;5E17C5CD.ver&#39;.
  Indexing version &#39;SHFB_VBPI_CFE213B6&#39; using file &#39;AA3EF274.ver&#39;.
  Indexing version &#39;SHFB_VBPI_C28001F1&#39; using file &#39;55FA6690.ver&#39;.
  Indexing version &#39;SHFB_VBPI_A74F662E&#39; using file &#39;76359591.ver&#39;.
  Indexed 1210 entities in 4 versions.
  XslTransform (v2015.1.12.0)
  Copyright &#169; 2006-2015, Microsoft Corporation, All Rights Reserved.
  Portions Copyright &#169; 2006-2014, Eric Woodruff, All Rights Reserved.
  Applying XSL transformation &#39;C:\Program Files (x86)\EWSoftware\Sandcastle Help File Builder\\ProductionTransforms\ApplyVSDocModel.xsl&#39;.
  Copying file from &quot;reflection.xml&quot; to &quot;reflection.nofilenames&quot;.
  XslTransform (v2015.1.12.0)
  Copyright &#169; 2006-2015, Microsoft Corporation, All Rights Reserved.
  Portions Copyright &#169; 2006-2014, Eric Woodruff, All Rights Reserved.
  Applying XSL transformation &#39;C:\Program Files (x86)\EWSoftware\Sandcastle Help File Builder\ProductionTransforms\AddFilenames.xsl&#39;.
    Unique name M_Cimbalino_Toolkit_Compression_ZlibStream__ctor_1 generated for M:Cimbalino.Toolkit.Compression.ZlibStream.#ctor(System.IO.Stream,System.IO.Compression.CompressionLevel,System.Boolean)
    Unique name M_Cimbalino_Toolkit_Compression_ZlibStream__ctor_2 generated for M:Cimbalino.Toolkit.Compression.ZlibStream.#ctor(System.IO.Stream,System.IO.Compression.CompressionMode)
    Unique name M_Cimbalino_Toolkit_Compression_ZlibStream__ctor_3 generated for M:Cimbalino.Toolkit.Compression.ZlibStream.#ctor(System.IO.Stream,System.IO.Compression.CompressionMode,System.Boolean)
    Unique name M_Cimbalino_Toolkit_Extensions_ByteArrayExtensions_ComputeHMACMD5Hash_1 generated for M:Cimbalino.Toolkit.Extensions.ByteArrayExtensions.ComputeHMACMD5Hash(System.Byte[],System.Byte[],System.Int32,System.Int32)
    Unique name M_Cimbalino_Toolkit_Extensions_ByteArrayExtensions_ComputeHMACSHA1Hash_1 generated for M:Cimbalino.Toolkit.Extensions.ByteArrayExtensions.ComputeHMACSHA1Hash(System.Byte[],System.Byte[],System.Int32,System.Int32)
    Unique name M_Cimbalino_Toolkit_Extensions_ByteArrayExtensions_ComputeHMACSHA256Hash_1 generated for M:Cimbalino.Toolkit.Extensions.ByteArrayExtensions.ComputeHMACSHA256Hash(System.Byte[],System.Byte[],System.Int32,System.Int32)
    Unique name M_Cimbalino_Toolkit_Extensions_ByteArrayExtensions_ComputeMD5Hash_1 generated for M:Cimbalino.Toolkit.Extensions.ByteArrayExtensions.ComputeMD5Hash(System.Byte[],System.Int32,System.Int32)
    Unique name M_Cimbalino_Toolkit_Extensions_ByteArrayExtensions_ComputeSHA1Hash_1 generated for M:Cimbalino.Toolkit.Extensions.ByteArrayExtensions.ComputeSHA1Hash(System.Byte[],System.Int32,System.Int32)
    Unique name M_Cimbalino_Toolkit_Extensions_ByteArrayExtensions_ComputeSHA256Hash_1 generated for M:Cimbalino.Toolkit.Extensions.ByteArrayExtensions.ComputeSHA256Hash(System.Byte[],System.Int32,System.Int32)
    Unique name M_Cimbalino_Toolkit_Extensions_EventHandlerExtensions_SafeInvoke_1 generated for M:Cimbalino.Toolkit.Extensions.EventHandlerExtensions.SafeInvoke(System.EventHandler,System.Object,System.EventArgs,System.Func{System.EventArgs,System.Boolean})
    Unique name M_Cimbalino_Toolkit_Extensions_EventHandlerExtensions_SafeInvoke__1_1 generated for M:Cimbalino.Toolkit.Extensions.EventHandlerExtensions.SafeInvoke``1(System.EventHandler{``0},System.Object,``0,System.Func{``0,System.Boolean})
    Unique name M_Cimbalino_Toolkit_Extensions_IDictionaryExtensions_GetValue__2_1 generated for M:Cimbalino.Toolkit.Extensions.IDictionaryExtensions.GetValue``2(System.Collections.Generic.IDictionary{``0,``1},``0,``1)
    Unique name M_Cimbalino_Toolkit_Extensions_IDictionaryExtensions_ToQueryString_1 generated for M:Cimbalino.Toolkit.Extensions.IDictionaryExtensions.ToQueryString(System.Collections.Generic.IEnumerable{System.Collections.Generic.KeyValuePair{System.String,System.String}},System.Boolean)
    Unique name M_Cimbalino_Toolkit_Extensions_IEnumerableExtensions_Apply__1_1 generated for M:Cimbalino.Toolkit.Extensions.IEnumerableExtensions.Apply``1(System.Collections.Generic.IEnumerable{``0},System.Action{``0,System.Int32})
    Unique name M_Cimbalino_Toolkit_Extensions_IEnumerableExtensions_Shuffle__1_1 generated for M:Cimbalino.Toolkit.Extensions.IEnumerableExtensions.Shuffle``1(System.Collections.Generic.IEnumerable{``0},System.Int32)
    Unique name M_Cimbalino_Toolkit_Extensions_IntExtensions_Times_1 generated for M:Cimbalino.Toolkit.Extensions.IntExtensions.Times(System.Int32,System.Action{System.Int32})
    Unique name M_Cimbalino_Toolkit_Extensions_IntExtensions_Times__1_1 generated for M:Cimbalino.Toolkit.Extensions.IntExtensions.Times``1(System.Int32,System.Func{System.Int32,``0})
    Unique name M_Cimbalino_Toolkit_Extensions_StringExtensions_FormatWith_1 generated for M:Cimbalino.Toolkit.Extensions.StringExtensions.FormatWith(System.String,System.Object[])
    Unique name M_Cimbalino_Toolkit_Extensions_StringExtensions_GetBytes_1 generated for M:Cimbalino.Toolkit.Extensions.StringExtensions.GetBytes(System.String,System.Text.Encoding)
    Unique name M_Cimbalino_Toolkit_Extensions_StringExtensions_RegexIsMatch_1 generated for M:Cimbalino.Toolkit.Extensions.StringExtensions.RegexIsMatch(System.String,System.String,System.Text.RegularExpressions.RegexOptions)
    Unique name M_Cimbalino_Toolkit_Extensions_StringExtensions_RegexMatch_1 generated for M:Cimbalino.Toolkit.Extensions.StringExtensions.RegexMatch(System.String,System.String,System.Text.RegularExpressions.RegexOptions)
    Unique name M_Cimbalino_Toolkit_Extensions_StringExtensions_RegexMatches_1 generated for M:Cimbalino.Toolkit.Extensions.StringExtensions.RegexMatches(System.String,System.String,System.Text.RegularExpressions.RegexOptions)
    Unique name M_Cimbalino_Toolkit_Extensions_StringExtensions_RegexReplace_1 generated for M:Cimbalino.Toolkit.Extensions.StringExtensions.RegexReplace(System.String,System.String,System.String,System.Text.RegularExpressions.RegexOptions)
    Unique name M_Cimbalino_Toolkit_Extensions_StringExtensions_RegexReplace_2 generated for M:Cimbalino.Toolkit.Extensions.StringExtensions.RegexReplace(System.String,System.String,System.Text.RegularExpressions.MatchEvaluator)
    Unique name M_Cimbalino_Toolkit_Extensions_StringExtensions_RegexReplace_3 generated for M:Cimbalino.Toolkit.Extensions.StringExtensions.RegexReplace(System.String,System.String,System.Text.RegularExpressions.MatchEvaluator,System.Text.RegularExpressions.RegexOptions)
    Unique name M_Cimbalino_Toolkit_Extensions_UriBuilderExtensions_SetPath_1 generated for M:Cimbalino.Toolkit.Extensions.UriBuilderExtensions.SetPath(System.UriBuilder,System.String,System.Object[])
    Unique name M_Cimbalino_Toolkit_Foundation_Rect__ctor_1 generated for M:Cimbalino.Toolkit.Foundation.Rect.#ctor(Cimbalino.Toolkit.Foundation.Point,Cimbalino.Toolkit.Foundation.Size)
    Unique name M_Cimbalino_Toolkit_Foundation_Rect__ctor_2 generated for M:Cimbalino.Toolkit.Foundation.Rect.#ctor(System.Double,System.Double,System.Double,System.Double)
    Unique name M_Cimbalino_Toolkit_Foundation_Rect_Contains_1 generated for M:Cimbalino.Toolkit.Foundation.Rect.Contains(System.Double,System.Double)
    Unique name M_Cimbalino_Toolkit_Helpers_ObservableBase_SetProperty__1_1 generated for M:Cimbalino.Toolkit.Helpers.ObservableBase.SetProperty``1(``0@,``0,System.String)
    Unique name M_Cimbalino_Toolkit_Helpers_OptimizedObservableCollection_1__ctor_1 generated for M:Cimbalino.Toolkit.Helpers.OptimizedObservableCollection`1.#ctor(System.Collections.Generic.IEnumerable{`0})
    Unique name M_Cimbalino_Toolkit_Helpers_WeakAction__ctor_1 generated for M:Cimbalino.Toolkit.Helpers.WeakAction.#ctor(System.Action)
    Unique name M_Cimbalino_Toolkit_Helpers_WeakAction__ctor_2 generated for M:Cimbalino.Toolkit.Helpers.WeakAction.#ctor(System.Object,System.Action)
    Unique name M_Cimbalino_Toolkit_Helpers_WeakAction_1__ctor_1 generated for M:Cimbalino.Toolkit.Helpers.WeakAction`1.#ctor(System.Object,System.Action{`0})
    Unique name M_Cimbalino_Toolkit_Helpers_WeakAction_1_Execute_1 generated for M:Cimbalino.Toolkit.Helpers.WeakAction`1.Execute(`0)
    Unique name M_Cimbalino_Toolkit_Helpers_WeakEventSubscription__ctor_1 generated for M:Cimbalino.Toolkit.Helpers.WeakEventSubscription.#ctor(System.Object,System.EventHandler,System.Action{System.EventHandler},System.Action{System.EventHandler})
    Unique name M_Cimbalino_Toolkit_Helpers_WeakEventSubscription_1__ctor_1 generated for M:Cimbalino.Toolkit.Helpers.WeakEventSubscription`1.#ctor(System.Object,System.EventHandler{`0},System.Action{System.EventHandler{`0}},System.Action{System.EventHandler{`0}})
    Unique name M_Cimbalino_Toolkit_Helpers_WeakFunc_1__ctor_1 generated for M:Cimbalino.Toolkit.Helpers.WeakFunc`1.#ctor(System.Func{`0})
    Unique name M_Cimbalino_Toolkit_Helpers_WeakFunc_1__ctor_2 generated for M:Cimbalino.Toolkit.Helpers.WeakFunc`1.#ctor(System.Object,System.Func{`0})
    Unique name M_Cimbalino_Toolkit_Helpers_WeakFunc_2__ctor_1 generated for M:Cimbalino.Toolkit.Helpers.WeakFunc`2.#ctor(System.Object,System.Func{`0,`1})
    Unique name M_Cimbalino_Toolkit_Helpers_WeakFunc_2_Execute_1 generated for M:Cimbalino.Toolkit.Helpers.WeakFunc`2.Execute(`0)
    Unique name M_Cimbalino_Toolkit_Services_IApplicationSettingsServiceHandler_Get__1_1 generated for M:Cimbalino.Toolkit.Services.IApplicationSettingsServiceHandler.Get``1(System.String,``0)
    Unique name M_Cimbalino_Toolkit_Services_IEmailComposeService_ShowAsync_1 generated for M:Cimbalino.Toolkit.Services.IEmailComposeService.ShowAsync(System.String,System.String,System.String)
    Unique name M_Cimbalino_Toolkit_Services_IEmailComposeService_ShowAsync_2 generated for M:Cimbalino.Toolkit.Services.IEmailComposeService.ShowAsync(System.String,System.String,System.String,System.String,System.String)
    Unique name M_Cimbalino_Toolkit_Services_ILauncherService_LaunchUriAsync_1 generated for M:Cimbalino.Toolkit.Services.ILauncherService.LaunchUriAsync(System.Uri)
    Unique name M_Cimbalino_Toolkit_Services_ILocationService_GetPositionAsync_1 generated for M:Cimbalino.Toolkit.Services.ILocationService.GetPositionAsync(Cimbalino.Toolkit.Services.LocationServiceAccuracy)
    Unique name M_Cimbalino_Toolkit_Services_ILocationService_GetPositionAsync_2 generated for M:Cimbalino.Toolkit.Services.ILocationService.GetPositionAsync(Cimbalino.Toolkit.Services.LocationServiceAccuracy,System.TimeSpan,System.TimeSpan)
    Unique name M_Cimbalino_Toolkit_Services_ILocationService_GetPositionAsync_3 generated for M:Cimbalino.Toolkit.Services.ILocationService.GetPositionAsync(System.TimeSpan,System.TimeSpan)
    Unique name M_Cimbalino_Toolkit_Services_ILocationService_Start_1 generated for M:Cimbalino.Toolkit.Services.ILocationService.Start(Cimbalino.Toolkit.Services.LocationServiceAccuracy)
    Unique name M_Cimbalino_Toolkit_Services_ILocationService_Start_2 generated for M:Cimbalino.Toolkit.Services.ILocationService.Start(System.Int32)
    Unique name M_Cimbalino_Toolkit_Services_IMessageBoxService_ShowAsync_1 generated for M:Cimbalino.Toolkit.Services.IMessageBoxService.ShowAsync(System.String,System.String)
    Unique name M_Cimbalino_Toolkit_Services_IMessageBoxService_ShowAsync_2 generated for M:Cimbalino.Toolkit.Services.IMessageBoxService.ShowAsync(System.String,System.String,System.Collections.Generic.IEnumerable{System.String})
    Unique name M_Cimbalino_Toolkit_Services_INavigationService_Navigate__1_1 generated for M:Cimbalino.Toolkit.Services.INavigationService.Navigate``1(System.Object)
    Unique name M_Cimbalino_Toolkit_Services_INavigationService_Navigate_1 generated for M:Cimbalino.Toolkit.Services.INavigationService.Navigate(System.Type)
    Unique name M_Cimbalino_Toolkit_Services_INavigationService_Navigate_2 generated for M:Cimbalino.Toolkit.Services.INavigationService.Navigate(System.Type,System.Object)
    Unique name M_Cimbalino_Toolkit_Services_INavigationService_Navigate_3 generated for M:Cimbalino.Toolkit.Services.INavigationService.Navigate(System.Uri)
    Unique name M_Cimbalino_Toolkit_Services_IPhoneCallService_ShowAsync_1 generated for M:Cimbalino.Toolkit.Services.IPhoneCallService.ShowAsync(System.String,System.String)
    Unique name M_Cimbalino_Toolkit_Services_ISmsComposeService_ShowAsync_1 generated for M:Cimbalino.Toolkit.Services.ISmsComposeService.ShowAsync(System.String,System.String)
    Unique name M_Cimbalino_Toolkit_Services_IStatusBarService_ShowAsync_1 generated for M:Cimbalino.Toolkit.Services.IStatusBarService.ShowAsync(System.String,System.Boolean)
    Unique name M_Cimbalino_Toolkit_Services_IStatusBarService_ShowAsync_2 generated for M:Cimbalino.Toolkit.Services.IStatusBarService.ShowAsync(System.String,System.Double)
    Unique name M_Cimbalino_Toolkit_Services_IStorageServiceHandler_AppendAllLines_1 generated for M:Cimbalino.Toolkit.Services.IStorageServiceHandler.AppendAllLines(System.String,System.Collections.Generic.IEnumerable{System.String},System.Text.Encoding)
    Unique name M_Cimbalino_Toolkit_Services_IStorageServiceHandler_AppendAllText_1 generated for M:Cimbalino.Toolkit.Services.IStorageServiceHandler.AppendAllText(System.String,System.String,System.Text.Encoding)
    Unique name M_Cimbalino_Toolkit_Services_IStorageServiceHandler_CopyFileAsync_1 generated for M:Cimbalino.Toolkit.Services.IStorageServiceHandler.CopyFileAsync(System.String,System.String,System.Boolean)
    Unique name M_Cimbalino_Toolkit_Services_IStorageServiceHandler_GetDirectoryNamesAsync_1 generated for M:Cimbalino.Toolkit.Services.IStorageServiceHandler.GetDirectoryNamesAsync(System.String)
    Unique name M_Cimbalino_Toolkit_Services_IStorageServiceHandler_GetFileNamesAsync_1 generated for M:Cimbalino.Toolkit.Services.IStorageServiceHandler.GetFileNamesAsync(System.String)
    Unique name M_Cimbalino_Toolkit_Services_IStorageServiceHandler_MoveFileAsync_1 generated for M:Cimbalino.Toolkit.Services.IStorageServiceHandler.MoveFileAsync(System.String,System.String,System.Boolean)
    Unique name M_Cimbalino_Toolkit_Services_IStorageServiceHandler_ReadAllLinesAsync_1 generated for M:Cimbalino.Toolkit.Services.IStorageServiceHandler.ReadAllLinesAsync(System.String,System.Text.Encoding)
    Unique name M_Cimbalino_Toolkit_Services_IStorageServiceHandler_ReadAllTextAsync_1 generated for M:Cimbalino.Toolkit.Services.IStorageServiceHandler.ReadAllTextAsync(System.String,System.Text.Encoding)
    Unique name M_Cimbalino_Toolkit_Services_IStorageServiceHandler_WriteAllLinesAsync_1 generated for M:Cimbalino.Toolkit.Services.IStorageServiceHandler.WriteAllLinesAsync(System.String,System.Collections.Generic.IEnumerable{System.String},System.Text.Encoding)
    Unique name M_Cimbalino_Toolkit_Services_IStorageServiceHandler_WriteAllTextAsync_1 generated for M:Cimbalino.Toolkit.Services.IStorageServiceHandler.WriteAllTextAsync(System.String,System.String,System.Text.Encoding)
    Unique name M_Cimbalino_Toolkit_Services_IVibrationService_Vibrate_1 generated for M:Cimbalino.Toolkit.Services.IVibrationService.Vibrate(System.Double)
    Unique name M_Cimbalino_Toolkit_Services_IVibrationService_Vibrate_2 generated for M:Cimbalino.Toolkit.Services.IVibrationService.Vibrate(System.TimeSpan)
    Unique name M_Cimbalino_Toolkit_Services_IWindowsPhoneStoreService_GetAppInformationAsync_1 generated for M:Cimbalino.Toolkit.Services.IWindowsPhoneStoreService.GetAppInformationAsync(System.String)
    Unique name M_Cimbalino_Toolkit_Services_IWindowsStoreService_GetAppInformationAsync_1 generated for M:Cimbalino.Toolkit.Services.IWindowsStoreService.GetAppInformationAsync(System.String)
    Unique name M_Cimbalino_Toolkit_Services_LocationServicePosition__ctor_1 generated for M:Cimbalino.Toolkit.Services.LocationServicePosition.#ctor(System.DateTimeOffset,System.Double,System.Double,System.Double,System.Nullable{System.Double},System.Nullable{System.Double},System.Nullable{System.Double},System.Nullable{System.Double})
    Unique name M_Cimbalino_Toolkit_Services_LocationServicePosition_Equals_1 generated for M:Cimbalino.Toolkit.Services.LocationServicePosition.Equals(System.Object)
    Unique name M_Cimbalino_Toolkit_Services_ApplicationSettingsServiceHandler_Get__1_1 generated for M:Cimbalino.Toolkit.Services.ApplicationSettingsServiceHandler.Get``1(System.String,``0)
    Unique name M_Cimbalino_Toolkit_Services_EmailComposeService_ShowAsync_1 generated for M:Cimbalino.Toolkit.Services.EmailComposeService.ShowAsync(System.String,System.String,System.String)
    Unique name M_Cimbalino_Toolkit_Services_EmailComposeService_ShowAsync_2 generated for M:Cimbalino.Toolkit.Services.EmailComposeService.ShowAsync(System.String,System.String,System.String,System.String,System.String)
    Unique name M_Cimbalino_Toolkit_Services_LauncherService_LaunchUriAsync_1 generated for M:Cimbalino.Toolkit.Services.LauncherService.LaunchUriAsync(System.Uri)
    Unique name M_Cimbalino_Toolkit_Services_LocationService_GetPositionAsync_1 generated for M:Cimbalino.Toolkit.Services.LocationService.GetPositionAsync(Cimbalino.Toolkit.Services.LocationServiceAccuracy)
    Unique name M_Cimbalino_Toolkit_Services_LocationService_GetPositionAsync_2 generated for M:Cimbalino.Toolkit.Services.LocationService.GetPositionAsync(Cimbalino.Toolkit.Services.LocationServiceAccuracy,System.TimeSpan,System.TimeSpan)
    Unique name M_Cimbalino_Toolkit_Services_LocationService_GetPositionAsync_3 generated for M:Cimbalino.Toolkit.Services.LocationService.GetPositionAsync(System.TimeSpan,System.TimeSpan)
    Unique name M_Cimbalino_Toolkit_Services_LocationService_Start_1 generated for M:Cimbalino.Toolkit.Services.LocationService.Start(Cimbalino.Toolkit.Services.LocationServiceAccuracy)
    Unique name M_Cimbalino_Toolkit_Services_LocationService_Start_2 generated for M:Cimbalino.Toolkit.Services.LocationService.Start(System.Int32)
    Unique name M_Cimbalino_Toolkit_Services_MessageBoxService_ShowAsync_1 generated for M:Cimbalino.Toolkit.Services.MessageBoxService.ShowAsync(System.String,System.String)
    Unique name M_Cimbalino_Toolkit_Services_MessageBoxService_ShowAsync_2 generated for M:Cimbalino.Toolkit.Services.MessageBoxService.ShowAsync(System.String,System.String,System.Collections.Generic.IEnumerable{System.String})
    Unique name M_Cimbalino_Toolkit_Services_NavigationService_Navigate__1_1 generated for M:Cimbalino.Toolkit.Services.NavigationService.Navigate``1(System.Object)
    Unique name M_Cimbalino_Toolkit_Services_NavigationService_Navigate_1 generated for M:Cimbalino.Toolkit.Services.NavigationService.Navigate(System.Type)
    Unique name M_Cimbalino_Toolkit_Services_NavigationService_Navigate_2 generated for M:Cimbalino.Toolkit.Services.NavigationService.Navigate(System.Type,System.Object)
    Unique name M_Cimbalino_Toolkit_Services_NavigationService_Navigate_3 generated for M:Cimbalino.Toolkit.Services.NavigationService.Navigate(System.Uri)
    Unique name M_Cimbalino_Toolkit_Services_PhoneCallService_ShowAsync_1 generated for M:Cimbalino.Toolkit.Services.PhoneCallService.ShowAsync(System.String,System.String)
    Unique name M_Cimbalino_Toolkit_Services_SmsComposeService_ShowAsync_1 generated for M:Cimbalino.Toolkit.Services.SmsComposeService.ShowAsync(System.String,System.String)
    Unique name M_Cimbalino_Toolkit_Services_StatusBarService_ShowAsync_1 generated for M:Cimbalino.Toolkit.Services.StatusBarService.ShowAsync(System.String,System.Boolean)
    Unique name M_Cimbalino_Toolkit_Services_StatusBarService_ShowAsync_2 generated for M:Cimbalino.Toolkit.Services.StatusBarService.ShowAsync(System.String,System.Double)
    Unique name M_Cimbalino_Toolkit_Services_StorageServiceHandler_AppendAllLines_1 generated for M:Cimbalino.Toolkit.Services.StorageServiceHandler.AppendAllLines(System.String,System.Collections.Generic.IEnumerable{System.String},System.Text.Encoding)
    Unique name M_Cimbalino_Toolkit_Services_StorageServiceHandler_AppendAllText_1 generated for M:Cimbalino.Toolkit.Services.StorageServiceHandler.AppendAllText(System.String,System.String,System.Text.Encoding)
    Unique name M_Cimbalino_Toolkit_Services_StorageServiceHandler_CopyFileAsync_1 generated for M:Cimbalino.Toolkit.Services.StorageServiceHandler.CopyFileAsync(System.String,System.String,System.Boolean)
    Unique name M_Cimbalino_Toolkit_Services_StorageServiceHandler_GetDirectoryNamesAsync_1 generated for M:Cimbalino.Toolkit.Services.StorageServiceHandler.GetDirectoryNamesAsync(System.String)
    Unique name M_Cimbalino_Toolkit_Services_StorageServiceHandler_GetFileNamesAsync_1 generated for M:Cimbalino.Toolkit.Services.StorageServiceHandler.GetFileNamesAsync(System.String)
    Unique name M_Cimbalino_Toolkit_Services_StorageServiceHandler_MoveFileAsync_1 generated for M:Cimbalino.Toolkit.Services.StorageServiceHandler.MoveFileAsync(System.String,System.String,System.Boolean)
    Unique name M_Cimbalino_Toolkit_Services_StorageServiceHandler_ReadAllLinesAsync_1 generated for M:Cimbalino.Toolkit.Services.StorageServiceHandler.ReadAllLinesAsync(System.String,System.Text.Encoding)
    Unique name M_Cimbalino_Toolkit_Services_StorageServiceHandler_ReadAllTextAsync_1 generated for M:Cimbalino.Toolkit.Services.StorageServiceHandler.ReadAllTextAsync(System.String,System.Text.Encoding)
    Unique name M_Cimbalino_Toolkit_Services_StorageServiceHandler_WriteAllLinesAsync_1 generated for M:Cimbalino.Toolkit.Services.StorageServiceHandler.WriteAllLinesAsync(System.String,System.Collections.Generic.IEnumerable{System.String},System.Text.Encoding)
    Unique name M_Cimbalino_Toolkit_Services_StorageServiceHandler_WriteAllTextAsync_1 generated for M:Cimbalino.Toolkit.Services.StorageServiceHandler.WriteAllTextAsync(System.String,System.String,System.Text.Encoding)
    Unique name M_Cimbalino_Toolkit_Services_VibrationService_Vibrate_1 generated for M:Cimbalino.Toolkit.Services.VibrationService.Vibrate(System.Double)
    Unique name M_Cimbalino_Toolkit_Services_VibrationService_Vibrate_2 generated for M:Cimbalino.Toolkit.Services.VibrationService.Vibrate(System.TimeSpan)
    Unique name M_Cimbalino_Toolkit_Services_WindowsPhoneStoreService_GetAppInformationAsync_1 generated for M:Cimbalino.Toolkit.Services.WindowsPhoneStoreService.GetAppInformationAsync(System.String)
    Unique name M_Cimbalino_Toolkit_Services_WindowsStoreService_GetAppInformationAsync_1 generated for M:Cimbalino.Toolkit.Services.WindowsStoreService.GetAppInformationAsync(System.String)
    Unique name M_System_Security_Cryptography_HashAlgorithmBase_ComputeHash_1 generated for M:System.Security.Cryptography.HashAlgorithmBase.ComputeHash(System.Byte[],System.Int32,System.Int32)
    Unique name M_System_Security_Cryptography_HashAlgorithmBase_ComputeHash_2 generated for M:System.Security.Cryptography.HashAlgorithmBase.ComputeHash(System.IO.Stream)
    Unique name M_Cimbalino_Toolkit_Services_LegacyApplicationSettingsServiceHandler_Get__1_1 generated for M:Cimbalino.Toolkit.Services.LegacyApplicationSettingsServiceHandler.Get``1(System.String,``0)
    Unique name M_Cimbalino_Toolkit_Behaviors_AfterAutoFocusEventArgs__ctor_1 generated for M:Cimbalino.Toolkit.Behaviors.AfterAutoFocusEventArgs.#ctor(System.Windows.Controls.Control,System.Windows.Controls.Control)
    Unique name M_Cimbalino_Toolkit_Extensions_DependencyObjectExtensions_GetVisualAncestor__1_1 generated for M:Cimbalino.Toolkit.Extensions.DependencyObjectExtensions.GetVisualAncestor``1(System.Windows.DependencyObject)
    Unique name M_Cimbalino_Toolkit_Extensions_DependencyObjectExtensions_GetVisualChilds_1 generated for M:Cimbalino.Toolkit.Extensions.DependencyObjectExtensions.GetVisualChilds(System.Windows.DependencyObject)
    Unique name M_Cimbalino_Toolkit_Extensions_DependencyObjectExtensions_GetVisualChilds__1_1 generated for M:Cimbalino.Toolkit.Extensions.DependencyObjectExtensions.GetVisualChilds``1(System.Windows.DependencyObject)
    Unique name M_Cimbalino_Toolkit_Extensions_DependencyObjectExtensions_GetVisualDescendents_1 generated for M:Cimbalino.Toolkit.Extensions.DependencyObjectExtensions.GetVisualDescendents(System.Windows.DependencyObject)
    Unique name M_Cimbalino_Toolkit_Extensions_DependencyObjectExtensions_GetVisualDescendents__1_1 generated for M:Cimbalino.Toolkit.Extensions.DependencyObjectExtensions.GetVisualDescendents``1(System.Windows.DependencyObject)
    Unique name M_Cimbalino_Toolkit_Extensions_DependencyObjectExtensions_GetVisualParent_1 generated for M:Cimbalino.Toolkit.Extensions.DependencyObjectExtensions.GetVisualParent(System.Windows.DependencyObject)
    Unique name M_Cimbalino_Toolkit_Extensions_FrameworkElementExtensions_GetBehavior__1_1 generated for M:Cimbalino.Toolkit.Extensions.FrameworkElementExtensions.GetBehavior``1(System.Windows.FrameworkElement)
    Unique name M_Cimbalino_Toolkit_Extensions_FrameworkElementExtensions_GetBehaviors_1 generated for M:Cimbalino.Toolkit.Extensions.FrameworkElementExtensions.GetBehaviors(System.Windows.FrameworkElement)
    Unique name M_Cimbalino_Toolkit_Extensions_WriteableBitmapExtensions_SaveJpegAsync_1 generated for M:Cimbalino.Toolkit.Extensions.WriteableBitmapExtensions.SaveJpegAsync(System.Windows.Media.Imaging.WriteableBitmap,System.IO.Stream,System.Int32)
    Unique name M_Cimbalino_Toolkit_Extensions_WriteableBitmapExtensions_SavePngAsync_1 generated for M:Cimbalino.Toolkit.Extensions.WriteableBitmapExtensions.SavePngAsync(System.Windows.Media.Imaging.WriteableBitmap,System.IO.Stream)
    Unique name M_System_Security_Cryptography_HMACMD5_ComputeHash_1 generated for M:System.Security.Cryptography.HMACMD5.ComputeHash(System.Byte[],System.Int32,System.Int32)
    Unique name M_System_Security_Cryptography_HMACMD5_ComputeHash_2 generated for M:System.Security.Cryptography.HMACMD5.ComputeHash(System.String)
    Unique name M_System_Security_Cryptography_HMACMD5_ComputeHash_3 generated for M:System.Security.Cryptography.HMACMD5.ComputeHash(System.String,System.Text.Encoding)
    Unique name M_System_Security_Cryptography_HMACMD5_ComputeHashToBase64String_1 generated for M:System.Security.Cryptography.HMACMD5.ComputeHashToBase64String(System.String,System.Text.Encoding)
    Unique name M_System_Security_Cryptography_MD5_GetHash_1 generated for M:System.Security.Cryptography.MD5.GetHash(System.String)
    Unique name M_System_Security_Cryptography_MD5_GetHash_2 generated for M:System.Security.Cryptography.MD5.GetHash(System.String,System.Text.Encoding)
    Unique name M_System_Security_Cryptography_MD5_GetHashString_1 generated for M:System.Security.Cryptography.MD5.GetHashString(System.String)
    Unique name M_System_Security_Cryptography_MD5_GetHashString_2 generated for M:System.Security.Cryptography.MD5.GetHashString(System.String,System.Text.Encoding)
  XslTransform (v2015.1.12.0)
  Copyright &#169; 2006-2015, Microsoft Corporation, All Rights Reserved.
  Portions Copyright &#169; 2006-2014, Eric Woodruff, All Rights Reserved.
  Applying XSL transformation &#39;C:\Program Files (x86)\EWSoftware\Sandcastle Help File Builder\ProductionTransforms\ReflectionToManifest.xsl&#39;.
Done Building Project &quot;C:\Users\ppi02\Dropbox\Projects\Cimbalino.Toolkit\bin\doc\Working\TransformManifest.proj&quot; (default targets).

Build succeeded.

Time Elapsed 00:00:01.72
    Last step completed in 00:00:06,0005
</buildStep>
<buildStep step="GenerateNamespaceSummaries">
Generating namespace summary information...
    Last step completed in 00:00:00,0850
</buildStep>
<buildStep step="CopyConceptualContent">
Copying conceptual content...
Copying standard token shared content file...
Checking for other token files...
Checking for code snippets files...
Copying images and creating the media map file...
Generating conceptual topic files
    Parsing topic file &#39;C:\Users\ppi02\Dropbox\Projects\Cimbalino.Toolkit\doc\Introduction.aml&#39;
    C:\Users\ppi02\Dropbox\Projects\Cimbalino.Toolkit\doc\Introduction.aml -&gt; C:\Users\ppi02\Dropbox\Projects\Cimbalino.Toolkit\bin\doc\Working\ddueXml\Introduction.xml
    Last step completed in 00:00:00,0260
</buildStep>
<buildStep step="CreateConceptualTopicConfigs">
Creating conceptual topic configuration files...
    Companion files
    _ContentMetadata_.xml
    ConceptualManifest.xml
    Last step completed in 00:00:00,0041
</buildStep>
<buildStep step="CopyAdditionalContent">
Copying additional content files...
C:\Users\ppi02\Dropbox\Projects\Cimbalino.Toolkit\Cimbalino.Toolkit.png -&gt; C:\Users\ppi02\Dropbox\Projects\Cimbalino.Toolkit\bin\doc\Working\Output\Website\icons\Cimbalino.Toolkit.png
C:\Users\ppi02\Dropbox\Projects\Cimbalino.Toolkit\LICENSE.txt -&gt; C:\Users\ppi02\Dropbox\Projects\Cimbalino.Toolkit\bin\doc\Working\Output\Website\LICENSE.txt
    Last step completed in 00:00:00,0179
</buildStep>
<buildStep step="MergeTablesOfContents">
Merging conceptual and additional tables of contents...
    Last step completed in 00:00:00,0040
</buildStep>
<buildStep step="GenerateIntermediateTableOfContents">
Generating intermediate table of contents file...
[C:\Program Files (x86)\MSBuild\12.0\bin\MSBuild.exe]
Build started 24/04/2015 13:19:56.
Project &quot;C:\Users\ppi02\Dropbox\Projects\Cimbalino.Toolkit\bin\doc\Working\GenerateIntermediateTOC.proj&quot; on node 1 (default targets).
GenerateIntermediateTOC:
  XslTransform (v2015.1.12.0)
  Copyright &#169; 2006-2015, Microsoft Corporation, All Rights Reserved.
  Portions Copyright &#169; 2006-2014, Eric Woodruff, All Rights Reserved.
  Applying XSL transformation &#39;C:\Program Files (x86)\EWSoftware\Sandcastle Help File Builder\\ProductionTransforms\CreateVSToc.xsl&#39;.
Done Building Project &quot;C:\Users\ppi02\Dropbox\Projects\Cimbalino.Toolkit\bin\doc\Working\GenerateIntermediateTOC.proj&quot; (default targets).

Build succeeded.

Time Elapsed 00:00:00.20
Generating conceptual content intermediate TOC file...
    Last step completed in 00:00:00,2997
</buildStep>
<buildStep step="CreateBuildAssemblerConfigs">
Creating Sandcastle configuration files...
    sandcastle.config
    conceptual.config
    Last step completed in 00:00:00,3259
</buildStep>
<buildStep step="MergeCustomConfigs">
Merging custom build component configurations
C:\Users\ppi02\Dropbox\Projects\Cimbalino.Toolkit\bin\doc\Working\sandcastle.config
C:\Users\ppi02\Dropbox\Projects\Cimbalino.Toolkit\bin\doc\Working\conceptual.config
    Removing unused ExampleComponent.
    Last step completed in 00:00:00,1021
</buildStep>
<buildStep step="BuildConceptualTopics">
Building conceptual help topics...
[C:\Program Files (x86)\MSBuild\12.0\bin\MSBuild.exe]
Build started 24/04/2015 13:19:57.
Project &quot;C:\Users\ppi02\Dropbox\Projects\Cimbalino.Toolkit\bin\doc\Working\BuildConceptualTopics.proj&quot; on node 1 (default targets).
BuildConceptualTopics:
  BuildAssembler (v2015.1.12.0)
  Copyright &#169; 2006-2015, Microsoft Corporation, All Rights Reserved.
  Portions Copyright &#169; 2006-2014, Eric Woodruff, All Rights Reserved.
  Loading configuration...
  Processing topics...
  Processed 1 topic(s)
  CopyFromIndexComponent: &quot;metadata&quot; in-memory cache entries used: 1 of 15.
Done Building Project &quot;C:\Users\ppi02\Dropbox\Projects\Cimbalino.Toolkit\bin\doc\Working\BuildConceptualTopics.proj&quot; (default targets).

Build succeeded.

Time Elapsed 00:00:01.81
    Last step completed in 00:00:01,9319
</buildStep>
<buildStep step="BuildReferenceTopics">
Building reference help topics...
[C:\Program Files (x86)\MSBuild\12.0\bin\MSBuild.exe]
Build started 24/04/2015 13:19:59.
Project &quot;C:\Users\ppi02\Dropbox\Projects\Cimbalino.Toolkit\bin\doc\Working\BuildReferenceTopics.proj&quot; on node 1 (default targets).
BuildReferenceTopics:
  BuildAssembler (v2015.1.12.0)
  Copyright &#169; 2006-2015, Microsoft Corporation, All Rights Reserved.
  Portions Copyright &#169; 2006-2014, Eric Woodruff, All Rights Reserved.
  Loading configuration...
  Processing topics...
BuildAssembler : warning : ResolveReferenceLinksComponent: [P:Cimbalino.Toolkit.Behaviors.MultiBindingBehavior.Converter] Unknown reference link target &#39;M:Windows.UI.Xaml.Data.IValueConverter.Convert(System.Object,System.Type,System.Object,System.String)&#39;. [C:\Users\ppi02\Dropbox\Projects\Cimbalino.Toolkit\bin\doc\Working\BuildReferenceTopics.proj]
BuildAssembler : warning : ResolveReferenceLinksComponent: [P:Cimbalino.Toolkit.Behaviors.MultiBindingBehavior.Converter] Unknown reference link target &#39;M:Windows.UI.Xaml.Data.IValueConverter.ConvertBack(System.Object,System.Type,System.Object,System.String)&#39;. [C:\Users\ppi02\Dropbox\Projects\Cimbalino.Toolkit\bin\doc\Working\BuildReferenceTopics.proj]
  Processed 1605 topic(s)
  2 warning(s)
  CopyFromIndexComponent: &quot;reflection&quot; in-memory cache entries used: 15 of 15.
  CopyFromIndexComponent: &quot;comments&quot; in-memory cache entries used: 11 of 30.
Done Building Project &quot;C:\Users\ppi02\Dropbox\Projects\Cimbalino.Toolkit\bin\doc\Working\BuildReferenceTopics.proj&quot; (default targets).

Build succeeded.

Time Elapsed 00:00:14.62
    Last step completed in 00:00:14,7230
</buildStep>
<buildStep step="CombiningIntermediateTocFiles">
Combining conceptual and API intermediate TOC files...

Clearing any prior web output
    Last step completed in 00:00:00,0071
</buildStep>
<buildStep step="ExtractingHtmlInfo">
Extracting HTML info for HTML Help 1 and/or website...
[C:\Program Files (x86)\MSBuild\12.0\bin\MSBuild.exe]
Sandcastle Help File Builder, version 2015.1.12.0
Copyright &#169; 2006-2015, Eric Woodruff, All Rights Reserved
E-Mail: Eric@EWoodruff.us

Using LCID &#39;1033&#39;, code page &#39;65001&#39;, encoding charset &#39;UTF-8&#39;.

Processing website files in C:\Users\ppi02\Dropbox\Projects\Cimbalino.Toolkit\bin\doc\Working\Output\Website
Processed 1606 HTML files
Sorting keywords and generating See Also indices
Saving website keyword index to C:\Users\ppi02\Dropbox\Projects\Cimbalino.Toolkit\bin\doc\Working\WebKI.xml
Saving website table of contents to C:\Users\ppi02\Dropbox\Projects\Cimbalino.Toolkit\bin\doc\Working\WebTOC.xml
    Last step completed in 00:00:02,9460
</buildStep>
<buildStep step="CopyStandardHelpContent">
Copying standard help content...
C:\Program Files (x86)\EWSoftware\Sandcastle Help File Builder\PresentationStyles\VS2013\icons\AlertCaution.png -&gt; C:\Users\ppi02\Dropbox\Projects\Cimbalino.Toolkit\bin\doc\Working\Output\Website\icons\AlertCaution.png
C:\Program Files (x86)\EWSoftware\Sandcastle Help File Builder\PresentationStyles\VS2013\icons\AlertNote.png -&gt; C:\Users\ppi02\Dropbox\Projects\Cimbalino.Toolkit\bin\doc\Working\Output\Website\icons\AlertNote.png
C:\Program Files (x86)\EWSoftware\Sandcastle Help File Builder\PresentationStyles\VS2013\icons\AlertSecurity.png -&gt; C:\Users\ppi02\Dropbox\Projects\Cimbalino.Toolkit\bin\doc\Working\Output\Website\icons\AlertSecurity.png
C:\Program Files (x86)\EWSoftware\Sandcastle Help File Builder\PresentationStyles\VS2013\icons\CFW.gif -&gt; C:\Users\ppi02\Dropbox\Projects\Cimbalino.Toolkit\bin\doc\Working\Output\Website\icons\CFW.gif
C:\Program Files (x86)\EWSoftware\Sandcastle Help File Builder\PresentationStyles\VS2013\icons\CodeExample.png -&gt; C:\Users\ppi02\Dropbox\Projects\Cimbalino.Toolkit\bin\doc\Working\Output\Website\icons\CodeExample.png
C:\Program Files (x86)\EWSoftware\Sandcastle Help File Builder\PresentationStyles\VS2013\icons\favicon.ico -&gt; C:\Users\ppi02\Dropbox\Projects\Cimbalino.Toolkit\bin\doc\Working\Output\Website\icons\favicon.ico
C:\Program Files (x86)\EWSoftware\Sandcastle Help File Builder\PresentationStyles\VS2013\icons\privclass.gif -&gt; C:\Users\ppi02\Dropbox\Projects\Cimbalino.Toolkit\bin\doc\Working\Output\Website\icons\privclass.gif
C:\Program Files (x86)\EWSoftware\Sandcastle Help File Builder\PresentationStyles\VS2013\icons\privdelegate.gif -&gt; C:\Users\ppi02\Dropbox\Projects\Cimbalino.Toolkit\bin\doc\Working\Output\Website\icons\privdelegate.gif
C:\Program Files (x86)\EWSoftware\Sandcastle Help File Builder\PresentationStyles\VS2013\icons\privenumeration.gif -&gt; C:\Users\ppi02\Dropbox\Projects\Cimbalino.Toolkit\bin\doc\Working\Output\Website\icons\privenumeration.gif
C:\Program Files (x86)\EWSoftware\Sandcastle Help File Builder\PresentationStyles\VS2013\icons\privevent.gif -&gt; C:\Users\ppi02\Dropbox\Projects\Cimbalino.Toolkit\bin\doc\Working\Output\Website\icons\privevent.gif
C:\Program Files (x86)\EWSoftware\Sandcastle Help File Builder\PresentationStyles\VS2013\icons\privextension.gif -&gt; C:\Users\ppi02\Dropbox\Projects\Cimbalino.Toolkit\bin\doc\Working\Output\Website\icons\privextension.gif
C:\Program Files (x86)\EWSoftware\Sandcastle Help File Builder\PresentationStyles\VS2013\icons\privfield.gif -&gt; C:\Users\ppi02\Dropbox\Projects\Cimbalino.Toolkit\bin\doc\Working\Output\Website\icons\privfield.gif
C:\Program Files (x86)\EWSoftware\Sandcastle Help File Builder\PresentationStyles\VS2013\icons\privinterface.gif -&gt; C:\Users\ppi02\Dropbox\Projects\Cimbalino.Toolkit\bin\doc\Working\Output\Website\icons\privinterface.gif
C:\Program Files (x86)\EWSoftware\Sandcastle Help File Builder\PresentationStyles\VS2013\icons\privmethod.gif -&gt; C:\Users\ppi02\Dropbox\Projects\Cimbalino.Toolkit\bin\doc\Working\Output\Website\icons\privmethod.gif
C:\Program Files (x86)\EWSoftware\Sandcastle Help File Builder\PresentationStyles\VS2013\icons\privproperty.gif -&gt; C:\Users\ppi02\Dropbox\Projects\Cimbalino.Toolkit\bin\doc\Working\Output\Website\icons\privproperty.gif
C:\Program Files (x86)\EWSoftware\Sandcastle Help File Builder\PresentationStyles\VS2013\icons\privstructure.gif -&gt; C:\Users\ppi02\Dropbox\Projects\Cimbalino.Toolkit\bin\doc\Working\Output\Website\icons\privstructure.gif
C:\Program Files (x86)\EWSoftware\Sandcastle Help File Builder\PresentationStyles\VS2013\icons\protclass.gif -&gt; C:\Users\ppi02\Dropbox\Projects\Cimbalino.Toolkit\bin\doc\Working\Output\Website\icons\protclass.gif
C:\Program Files (x86)\EWSoftware\Sandcastle Help File Builder\PresentationStyles\VS2013\icons\protdelegate.gif -&gt; C:\Users\ppi02\Dropbox\Projects\Cimbalino.Toolkit\bin\doc\Working\Output\Website\icons\protdelegate.gif
C:\Program Files (x86)\EWSoftware\Sandcastle Help File Builder\PresentationStyles\VS2013\icons\protenumeration.gif -&gt; C:\Users\ppi02\Dropbox\Projects\Cimbalino.Toolkit\bin\doc\Working\Output\Website\icons\protenumeration.gif
C:\Program Files (x86)\EWSoftware\Sandcastle Help File Builder\PresentationStyles\VS2013\icons\protevent.gif -&gt; C:\Users\ppi02\Dropbox\Projects\Cimbalino.Toolkit\bin\doc\Working\Output\Website\icons\protevent.gif
C:\Program Files (x86)\EWSoftware\Sandcastle Help File Builder\PresentationStyles\VS2013\icons\protextension.gif -&gt; C:\Users\ppi02\Dropbox\Projects\Cimbalino.Toolkit\bin\doc\Working\Output\Website\icons\protextension.gif
C:\Program Files (x86)\EWSoftware\Sandcastle Help File Builder\PresentationStyles\VS2013\icons\protfield.gif -&gt; C:\Users\ppi02\Dropbox\Projects\Cimbalino.Toolkit\bin\doc\Working\Output\Website\icons\protfield.gif
C:\Program Files (x86)\EWSoftware\Sandcastle Help File Builder\PresentationStyles\VS2013\icons\protinterface.gif -&gt; C:\Users\ppi02\Dropbox\Projects\Cimbalino.Toolkit\bin\doc\Working\Output\Website\icons\protinterface.gif
C:\Program Files (x86)\EWSoftware\Sandcastle Help File Builder\PresentationStyles\VS2013\icons\protmethod.gif -&gt; C:\Users\ppi02\Dropbox\Projects\Cimbalino.Toolkit\bin\doc\Working\Output\Website\icons\protmethod.gif
C:\Program Files (x86)\EWSoftware\Sandcastle Help File Builder\PresentationStyles\VS2013\icons\protoperator.gif -&gt; C:\Users\ppi02\Dropbox\Projects\Cimbalino.Toolkit\bin\doc\Working\Output\Website\icons\protoperator.gif
C:\Program Files (x86)\EWSoftware\Sandcastle Help File Builder\PresentationStyles\VS2013\icons\protproperty.gif -&gt; C:\Users\ppi02\Dropbox\Projects\Cimbalino.Toolkit\bin\doc\Working\Output\Website\icons\protproperty.gif
C:\Program Files (x86)\EWSoftware\Sandcastle Help File Builder\PresentationStyles\VS2013\icons\protstructure.gif -&gt; C:\Users\ppi02\Dropbox\Projects\Cimbalino.Toolkit\bin\doc\Working\Output\Website\icons\protstructure.gif
C:\Program Files (x86)\EWSoftware\Sandcastle Help File Builder\PresentationStyles\VS2013\icons\pubclass.gif -&gt; C:\Users\ppi02\Dropbox\Projects\Cimbalino.Toolkit\bin\doc\Working\Output\Website\icons\pubclass.gif
C:\Program Files (x86)\EWSoftware\Sandcastle Help File Builder\PresentationStyles\VS2013\icons\pubdelegate.gif -&gt; C:\Users\ppi02\Dropbox\Projects\Cimbalino.Toolkit\bin\doc\Working\Output\Website\icons\pubdelegate.gif
C:\Program Files (x86)\EWSoftware\Sandcastle Help File Builder\PresentationStyles\VS2013\icons\pubenumeration.gif -&gt; C:\Users\ppi02\Dropbox\Projects\Cimbalino.Toolkit\bin\doc\Working\Output\Website\icons\pubenumeration.gif
C:\Program Files (x86)\EWSoftware\Sandcastle Help File Builder\PresentationStyles\VS2013\icons\pubevent.gif -&gt; C:\Users\ppi02\Dropbox\Projects\Cimbalino.Toolkit\bin\doc\Working\Output\Website\icons\pubevent.gif
C:\Program Files (x86)\EWSoftware\Sandcastle Help File Builder\PresentationStyles\VS2013\icons\pubextension.gif -&gt; C:\Users\ppi02\Dropbox\Projects\Cimbalino.Toolkit\bin\doc\Working\Output\Website\icons\pubextension.gif
C:\Program Files (x86)\EWSoftware\Sandcastle Help File Builder\PresentationStyles\VS2013\icons\pubfield.gif -&gt; C:\Users\ppi02\Dropbox\Projects\Cimbalino.Toolkit\bin\doc\Working\Output\Website\icons\pubfield.gif
C:\Program Files (x86)\EWSoftware\Sandcastle Help File Builder\PresentationStyles\VS2013\icons\pubinterface.gif -&gt; C:\Users\ppi02\Dropbox\Projects\Cimbalino.Toolkit\bin\doc\Working\Output\Website\icons\pubinterface.gif
C:\Program Files (x86)\EWSoftware\Sandcastle Help File Builder\PresentationStyles\VS2013\icons\pubmethod.gif -&gt; C:\Users\ppi02\Dropbox\Projects\Cimbalino.Toolkit\bin\doc\Working\Output\Website\icons\pubmethod.gif
C:\Program Files (x86)\EWSoftware\Sandcastle Help File Builder\PresentationStyles\VS2013\icons\puboperator.gif -&gt; C:\Users\ppi02\Dropbox\Projects\Cimbalino.Toolkit\bin\doc\Working\Output\Website\icons\puboperator.gif
C:\Program Files (x86)\EWSoftware\Sandcastle Help File Builder\PresentationStyles\VS2013\icons\pubproperty.gif -&gt; C:\Users\ppi02\Dropbox\Projects\Cimbalino.Toolkit\bin\doc\Working\Output\Website\icons\pubproperty.gif
C:\Program Files (x86)\EWSoftware\Sandcastle Help File Builder\PresentationStyles\VS2013\icons\pubstructure.gif -&gt; C:\Users\ppi02\Dropbox\Projects\Cimbalino.Toolkit\bin\doc\Working\Output\Website\icons\pubstructure.gif
C:\Program Files (x86)\EWSoftware\Sandcastle Help File Builder\PresentationStyles\VS2013\icons\SectionCollapsed.png -&gt; C:\Users\ppi02\Dropbox\Projects\Cimbalino.Toolkit\bin\doc\Working\Output\Website\icons\SectionCollapsed.png
C:\Program Files (x86)\EWSoftware\Sandcastle Help File Builder\PresentationStyles\VS2013\icons\SectionExpanded.png -&gt; C:\Users\ppi02\Dropbox\Projects\Cimbalino.Toolkit\bin\doc\Working\Output\Website\icons\SectionExpanded.png
C:\Program Files (x86)\EWSoftware\Sandcastle Help File Builder\PresentationStyles\VS2013\icons\slMobile.gif -&gt; C:\Users\ppi02\Dropbox\Projects\Cimbalino.Toolkit\bin\doc\Working\Output\Website\icons\slMobile.gif
C:\Program Files (x86)\EWSoftware\Sandcastle Help File Builder\PresentationStyles\VS2013\icons\static.gif -&gt; C:\Users\ppi02\Dropbox\Projects\Cimbalino.Toolkit\bin\doc\Working\Output\Website\icons\static.gif
C:\Program Files (x86)\EWSoftware\Sandcastle Help File Builder\PresentationStyles\VS2013\icons\xna.gif -&gt; C:\Users\ppi02\Dropbox\Projects\Cimbalino.Toolkit\bin\doc\Working\Output\Website\icons\xna.gif
C:\Program Files (x86)\EWSoftware\Sandcastle Help File Builder\PresentationStyles\VS2013\scripts\branding.js -&gt; C:\Users\ppi02\Dropbox\Projects\Cimbalino.Toolkit\bin\doc\Working\Output\Website\scripts\branding.js
C:\Program Files (x86)\EWSoftware\Sandcastle Help File Builder\PresentationStyles\VS2013\styles\branding-cs-CZ.css -&gt; C:\Users\ppi02\Dropbox\Projects\Cimbalino.Toolkit\bin\doc\Working\Output\Website\styles\branding-cs-CZ.css
C:\Program Files (x86)\EWSoftware\Sandcastle Help File Builder\PresentationStyles\VS2013\styles\branding-de-DE.css -&gt; C:\Users\ppi02\Dropbox\Projects\Cimbalino.Toolkit\bin\doc\Working\Output\Website\styles\branding-de-DE.css
C:\Program Files (x86)\EWSoftware\Sandcastle Help File Builder\PresentationStyles\VS2013\styles\branding-en-US.css -&gt; C:\Users\ppi02\Dropbox\Projects\Cimbalino.Toolkit\bin\doc\Working\Output\Website\styles\branding-en-US.css
C:\Program Files (x86)\EWSoftware\Sandcastle Help File Builder\PresentationStyles\VS2013\styles\branding-es-ES.css -&gt; C:\Users\ppi02\Dropbox\Projects\Cimbalino.Toolkit\bin\doc\Working\Output\Website\styles\branding-es-ES.css
C:\Program Files (x86)\EWSoftware\Sandcastle Help File Builder\PresentationStyles\VS2013\styles\branding-fr-FR.css -&gt; C:\Users\ppi02\Dropbox\Projects\Cimbalino.Toolkit\bin\doc\Working\Output\Website\styles\branding-fr-FR.css
C:\Program Files (x86)\EWSoftware\Sandcastle Help File Builder\PresentationStyles\VS2013\styles\branding-Help1.css -&gt; C:\Users\ppi02\Dropbox\Projects\Cimbalino.Toolkit\bin\doc\Working\Output\Website\styles\branding-Help1.css
C:\Program Files (x86)\EWSoftware\Sandcastle Help File Builder\PresentationStyles\VS2013\styles\branding-Help2.css -&gt; C:\Users\ppi02\Dropbox\Projects\Cimbalino.Toolkit\bin\doc\Working\Output\Website\styles\branding-Help2.css
C:\Program Files (x86)\EWSoftware\Sandcastle Help File Builder\PresentationStyles\VS2013\styles\branding-HelpViewer.css -&gt; C:\Users\ppi02\Dropbox\Projects\Cimbalino.Toolkit\bin\doc\Working\Output\Website\styles\branding-HelpViewer.css
C:\Program Files (x86)\EWSoftware\Sandcastle Help File Builder\PresentationStyles\VS2013\styles\branding-it-IT.css -&gt; C:\Users\ppi02\Dropbox\Projects\Cimbalino.Toolkit\bin\doc\Working\Output\Website\styles\branding-it-IT.css
C:\Program Files (x86)\EWSoftware\Sandcastle Help File Builder\PresentationStyles\VS2013\styles\branding-ja-JP.css -&gt; C:\Users\ppi02\Dropbox\Projects\Cimbalino.Toolkit\bin\doc\Working\Output\Website\styles\branding-ja-JP.css
C:\Program Files (x86)\EWSoftware\Sandcastle Help File Builder\PresentationStyles\VS2013\styles\branding-ko-KR.css -&gt; C:\Users\ppi02\Dropbox\Projects\Cimbalino.Toolkit\bin\doc\Working\Output\Website\styles\branding-ko-KR.css
C:\Program Files (x86)\EWSoftware\Sandcastle Help File Builder\PresentationStyles\VS2013\styles\branding-pl-PL.css -&gt; C:\Users\ppi02\Dropbox\Projects\Cimbalino.Toolkit\bin\doc\Working\Output\Website\styles\branding-pl-PL.css
C:\Program Files (x86)\EWSoftware\Sandcastle Help File Builder\PresentationStyles\VS2013\styles\branding-pt-BR.css -&gt; C:\Users\ppi02\Dropbox\Projects\Cimbalino.Toolkit\bin\doc\Working\Output\Website\styles\branding-pt-BR.css
C:\Program Files (x86)\EWSoftware\Sandcastle Help File Builder\PresentationStyles\VS2013\styles\branding-ru-RU.css -&gt; C:\Users\ppi02\Dropbox\Projects\Cimbalino.Toolkit\bin\doc\Working\Output\Website\styles\branding-ru-RU.css
C:\Program Files (x86)\EWSoftware\Sandcastle Help File Builder\PresentationStyles\VS2013\styles\branding-tr-TR.css -&gt; C:\Users\ppi02\Dropbox\Projects\Cimbalino.Toolkit\bin\doc\Working\Output\Website\styles\branding-tr-TR.css
C:\Program Files (x86)\EWSoftware\Sandcastle Help File Builder\PresentationStyles\VS2013\styles\branding-Website.css -&gt; C:\Users\ppi02\Dropbox\Projects\Cimbalino.Toolkit\bin\doc\Working\Output\Website\styles\branding-Website.css
C:\Program Files (x86)\EWSoftware\Sandcastle Help File Builder\PresentationStyles\VS2013\styles\branding-zh-CN.css -&gt; C:\Users\ppi02\Dropbox\Projects\Cimbalino.Toolkit\bin\doc\Working\Output\Website\styles\branding-zh-CN.css
C:\Program Files (x86)\EWSoftware\Sandcastle Help File Builder\PresentationStyles\VS2013\styles\branding-zh-TW.css -&gt; C:\Users\ppi02\Dropbox\Projects\Cimbalino.Toolkit\bin\doc\Working\Output\Website\styles\branding-zh-TW.css
C:\Program Files (x86)\EWSoftware\Sandcastle Help File Builder\PresentationStyles\VS2013\styles\branding.css -&gt; C:\Users\ppi02\Dropbox\Projects\Cimbalino.Toolkit\bin\doc\Working\Output\Website\styles\branding.css
C:\Program Files (x86)\EWSoftware\Sandcastle Help File Builder\PresentationStyles\VS2013\Web\index.html -&gt; C:\Users\ppi02\Dropbox\Projects\Cimbalino.Toolkit\bin\doc\Working\Output\Website\index.html
C:\Program Files (x86)\EWSoftware\Sandcastle Help File Builder\PresentationStyles\VS2013\Web\search.html -&gt; C:\Users\ppi02\Dropbox\Projects\Cimbalino.Toolkit\bin\doc\Working\Output\Website\search.html
C:\Program Files (x86)\EWSoftware\Sandcastle Help File Builder\PresentationStyles\VS2013\Web\SearchHelp.aspx -&gt; C:\Users\ppi02\Dropbox\Projects\Cimbalino.Toolkit\bin\doc\Working\Output\Website\SearchHelp.aspx
C:\Program Files (x86)\EWSoftware\Sandcastle Help File Builder\PresentationStyles\VS2013\Web\SearchHelp.inc.php -&gt; C:\Users\ppi02\Dropbox\Projects\Cimbalino.Toolkit\bin\doc\Working\Output\Website\SearchHelp.inc.php
C:\Program Files (x86)\EWSoftware\Sandcastle Help File Builder\PresentationStyles\VS2013\Web\SearchHelp.php -&gt; C:\Users\ppi02\Dropbox\Projects\Cimbalino.Toolkit\bin\doc\Working\Output\Website\SearchHelp.php
C:\Program Files (x86)\EWSoftware\Sandcastle Help File Builder\PresentationStyles\VS2013\Web\Web.Config -&gt; C:\Users\ppi02\Dropbox\Projects\Cimbalino.Toolkit\bin\doc\Working\Output\Website\Web.Config
C:\Program Files (x86)\EWSoftware\Sandcastle Help File Builder\PresentationStyles\VS2013\Web\icons\Search.png -&gt; C:\Users\ppi02\Dropbox\Projects\Cimbalino.Toolkit\bin\doc\Working\Output\Website\icons\Search.png
C:\Program Files (x86)\EWSoftware\Sandcastle Help File Builder\PresentationStyles\VS2013\Web\icons\TocClose.gif -&gt; C:\Users\ppi02\Dropbox\Projects\Cimbalino.Toolkit\bin\doc\Working\Output\Website\icons\TocClose.gif
C:\Program Files (x86)\EWSoftware\Sandcastle Help File Builder\PresentationStyles\VS2013\Web\icons\TocCollapsed.gif -&gt; C:\Users\ppi02\Dropbox\Projects\Cimbalino.Toolkit\bin\doc\Working\Output\Website\icons\TocCollapsed.gif
C:\Program Files (x86)\EWSoftware\Sandcastle Help File Builder\PresentationStyles\VS2013\Web\icons\TocExpanded.gif -&gt; C:\Users\ppi02\Dropbox\Projects\Cimbalino.Toolkit\bin\doc\Working\Output\Website\icons\TocExpanded.gif
C:\Program Files (x86)\EWSoftware\Sandcastle Help File Builder\PresentationStyles\VS2013\Web\icons\TocOpen.gif -&gt; C:\Users\ppi02\Dropbox\Projects\Cimbalino.Toolkit\bin\doc\Working\Output\Website\icons\TocOpen.gif
C:\Program Files (x86)\EWSoftware\Sandcastle Help File Builder\PresentationStyles\VS2013\Web\scripts\branding-Website.js -&gt; C:\Users\ppi02\Dropbox\Projects\Cimbalino.Toolkit\bin\doc\Working\Output\Website\scripts\branding-Website.js
C:\Program Files (x86)\EWSoftware\Sandcastle Help File Builder\PresentationStyles\VS2013\Web\scripts\jquery-1.11.0.min.js -&gt; C:\Users\ppi02\Dropbox\Projects\Cimbalino.Toolkit\bin\doc\Working\Output\Website\scripts\jquery-1.11.0.min.js
    Last step completed in 00:00:00,9037
</buildStep>
<buildStep step="GenerateHelpFormatTableOfContents">
Generating website table of contents file...
    Last step completed in 00:00:00,0072
</buildStep>
<buildStep step="GenerateFullTextIndex">
Generating full-text index for the website...

<plugIn name="Lightweight Website Style" behavior="After" priority="1000">
Adding lightweight search and TOC elements to each topic...
</plugIn>    Last step completed in 00:00:10,8354
</buildStep>
<buildStep step="CopyingWebsiteFiles">
Copying website files to output folder...

Copied 100 files
Copied 200 files
Copied 300 files
Copied 400 files
Copied 500 files
Copied 600 files
Copied 700 files
Copied 800 files
Copied 900 files
Copied 1000 files
Copied 1100 files
Copied 1200 files
Copied 1300 files
Copied 1400 files
Copied 1500 files
Copied 1600 files
Copied 1700 files
Copied 1800 files
Copied 1900 files
Copied 2000 files
Copied 2100 files
Copied 2200 files
Copied 2204 files for the website content
    Last step completed in 00:00:19,1261
</buildStep>
<buildStep step="CleanIntermediates">
Removing intermediate files...
    Last step completed in 00:00:00,8939
</buildStep>
<buildStep step="Completed">

Build completed successfully at 24/04/2015 13:20:48.  Total time: 00:00:59,5528

</buildStep>
</shfbBuild>
